<?xml version="1.0" encoding="UTF-8"?>
<!-- Generated by org.testng.reporters.JUnitReportReporter -->
<testsuite skipped="0" hostname="Kumar-PC" name="testPackage.TestClass" tests="2" failures="0" timestamp="09 May 2018 07:49:11 GMT" time="28.756" errors="0">
  <testcase name="UserStory2" time="14.203" classname="testPackage.TestClass"/>
  <testcase name="UserStory1" time="14.553" classname="testPackage.TestClass"/>
</testsuite> <!-- testPackage.TestClass -->
