<?xml version="1.0" encoding="UTF-8"?>
<!-- Generated by org.testng.reporters.JUnitReportReporter -->
<testsuite skipped="0" hostname="Kumar-PC" name="testPackage.TestClass" tests="2" failures="0" timestamp="09 May 2018 08:43:11 GMT" time="39.174" errors="0">
  <testcase name="UserStory1" time="15.418" classname="testPackage.TestClass"/>
  <testcase name="UserStory2" time="23.756" classname="testPackage.TestClass"/>
</testsuite> <!-- testPackage.TestClass -->
